  Main.cpp
C:\Users\charl\OneDrive\Documents\Ecole\Algo\Module07-PileEtFile\Module07-PileEtFile\Main.cpp(22,12): warning C4267: 'argument' : conversion de 'size_t' en 'int', perte possible de données
C:\Users\charl\OneDrive\Documents\Ecole\Algo\Module07-PileEtFile\Module07-PileEtFile\Main.cpp(24,60): warning C4267: 'argument' : conversion de 'size_t' en 'int', perte possible de données
C:\Users\charl\OneDrive\Documents\Ecole\Algo\Module07-PileEtFile\Module07-PileEtFile\Main.cpp(26,12): warning C4267: 'argument' : conversion de 'size_t' en 'int', perte possible de données
C:\Users\charl\OneDrive\Documents\Ecole\Algo\Module07-PileEtFile\Module07-PileEtFile\Main.cpp(35,12): warning C4267: 'argument' : conversion de 'size_t' en 'int', perte possible de données
C:\Users\charl\OneDrive\Documents\Ecole\Algo\Module07-PileEtFile\Module07-PileEtFile\Main.cpp(37,58): warning C4267: 'argument' : conversion de 'size_t' en 'int', perte possible de données
C:\Users\charl\OneDrive\Documents\Ecole\Algo\Module07-PileEtFile\Module07-PileEtFile\Main.cpp(39,12): warning C4267: 'argument' : conversion de 'size_t' en 'int', perte possible de données
C:\Users\charl\OneDrive\Documents\Ecole\Algo\Module07-PileEtFile\Module07-PileEtFile\Main.cpp(48,12): warning C4267: 'argument' : conversion de 'size_t' en 'int', perte possible de données
C:\Users\charl\OneDrive\Documents\Ecole\Algo\Module07-PileEtFile\Module07-PileEtFile\Main.cpp(50,59): warning C4267: 'argument' : conversion de 'size_t' en 'int', perte possible de données
C:\Users\charl\OneDrive\Documents\Ecole\Algo\Module07-PileEtFile\Module07-PileEtFile\Main.cpp(52,12): warning C4267: 'argument' : conversion de 'size_t' en 'int', perte possible de données
C:\Users\charl\OneDrive\Documents\Ecole\Algo\Module07-PileEtFile\Module07-PileEtFile\Pile.h(18,1): warning C4267: 'initialisation' : conversion de 'size_t' en 'int', perte possible de données
C:\Users\charl\OneDrive\Documents\Ecole\Algo\Module07-PileEtFile\Module07-PileEtFile\Pile.h(15,1): message : pendant la compilation de la fonction membre classe modèle 'Pile<double>::~Pile(void)'
C:\Users\charl\OneDrive\Documents\Ecole\Algo\Module07-PileEtFile\Module07-PileEtFile\Main.cpp(110,18): message : voir la référence à l'instanciation de la fonction modèle 'Pile<double>::~Pile(void)' en cours de compilation
C:\Users\charl\OneDrive\Documents\Ecole\Algo\Module07-PileEtFile\Module07-PileEtFile\Main.cpp(110,18): message : voir la référence à l'instanciation classe modèle 'Pile<double>' en cours de compilation
C:\Users\charl\OneDrive\Documents\Ecole\Algo\Module07-PileEtFile\Module07-PileEtFile\Pile.h(19,1): warning C4267: 'argument' : conversion de 'size_t' en 'const int', perte possible de données
C:\Users\charl\OneDrive\Documents\Ecole\Algo\Module07-PileEtFile\Module07-PileEtFile\Pile.h(20,1): warning C4267: 'argument' : conversion de 'size_t' en 'int', perte possible de données
C:\Users\charl\OneDrive\Documents\Ecole\Algo\Module07-PileEtFile\Module07-PileEtFile\OperateurUtile.h(209,1): warning C4267: 'argument' : conversion de 'size_t' en 'const int', perte possible de données
C:\Users\charl\OneDrive\Documents\Ecole\Algo\Module07-PileEtFile\Module07-PileEtFile\Main.cpp(149,21): message : voir la référence à l'instanciation de la fonction modèle 'File<int> &operator +=<int>(File<int> &,const File<int> &)' en cours de compilation
C:\Users\charl\OneDrive\Documents\Ecole\Algo\Module07-PileEtFile\Module07-PileEtFile\OperateurUtile.h(168,1): warning C4267: 'argument' : conversion de 'size_t' en 'const int', perte possible de données
C:\Users\charl\OneDrive\Documents\Ecole\Algo\Module07-PileEtFile\Module07-PileEtFile\Main.cpp(156,31): message : voir la référence à l'instanciation de la fonction modèle 'File<int> operator ~<int>(const File<int> &)' en cours de compilation
C:\Users\charl\OneDrive\Documents\Ecole\Algo\Module07-PileEtFile\Module07-PileEtFile\OperateurUtile.h(61,1): warning C4267: 'argument' : conversion de 'size_t' en 'const int', perte possible de données
C:\Users\charl\OneDrive\Documents\Ecole\Algo\Module07-PileEtFile\Module07-PileEtFile\OperateurUtile.h(146,1): message : voir la référence à l'instanciation de la fonction modèle 'bool operator ==<TypeElement>(const Liste<TypeElement> &,const Liste<TypeElement> &)' en cours de compilation
          with
          [
              TypeElement=double
          ]
C:\Users\charl\OneDrive\Documents\Ecole\Algo\Module07-PileEtFile\Module07-PileEtFile\Main.cpp(128,27): message : voir la référence à l'instanciation de la fonction modèle 'bool operator ==<double>(const Pile<double> &,const Pile<double> &)' en cours de compilation
  Module07-PileEtFile.vcxproj -> C:\Users\charl\OneDrive\Documents\Ecole\Algo\Module07-PileEtFile\x64\Debug\Module07-PileEtFile.exe
